<?xml version="1.0" encoding="UTF-8"?>
<!-- Generated by org.testng.reporters.JUnitXMLReporter -->
<testsuite ignored="0" hostname="STDPW03F8G8" failures="1" tests="1" name="Test" time="1.381" errors="0" timestamp="2023-03-16T17:28:11 GMT">
  <testcase classname="io.cucumber.testng.AbstractTestNGCucumberTests" name="runScenario" time="0.097">
    <failure type="java.lang.NullPointerException" message="Cannot invoke &amp;quot;com.microsoft.playwright.Playwright.request()&amp;quot; because &amp;quot;this.playwright&amp;quot; is null">
      <![CDATA[java.lang.NullPointerException: Cannot invoke "com.microsoft.playwright.Playwright.request()" because "this.playwright" is null
at apiPW.com.api.tests.AppTests.setUp(AppTests.java:49)
at ✽.environment is loaded(file:///C:/Users/KrishnaUmapathy/eclipse-workspace/com.api.pw/src/main/java/apiPW/com/api/features/Login.feature:26)
]]>
    </failure>
  </testcase> <!-- runScenario -->
</testsuite> <!-- Test -->
