<?xml version="1.0" encoding="UTF-8"?>
<testsuite xmlns:xsi="http://www.w3.org/2001/XMLSchema-instance" xsi:noNamespaceSchemaLocation="https://maven.apache.org/surefire/maven-surefire-plugin/xsd/surefire-test-report-3.0.xsd" version="3.0" name="TestSuite" time="22.828" tests="4" errors="0" skipped="0" failures="0">
  <properties>
[...]
</properties>
  <testcase name="runScenario[&quot;Ping env&quot;, &quot;Optional[Title of your feature]&quot;](1)" classname="apiPW.com.api.runner.TestRunner" time="3.865">
    <system-out><![CDATA[
Scenario: Ping env                                       &amp#27;[90m# src/main/java/apiPW/com/api/features/Login.feature:25&amp#27;[0m
  &amp#27;[32mGiven &amp#27;[0m&amp#27;[32menvironment is loaded&amp#27;[0m                            &amp#27;[90m# apiPW.com.api.tests.AppTests.setUp()&amp#27;[0m
Status code is 200
  &amp#27;[32mThen &amp#27;[0m&amp#27;[32mping the environment and status should be success&amp#27;[0m &amp#27;[90m# apiPW.com.api.tests.AppTests.pingEnv()&amp#27;[0m
]]></system-out>
  </testcase>
  <testcase name="runScenario[&quot;Login API&quot;, &quot;Optional[Title of your feature]&quot;](2)" classname="apiPW.com.api.runner.TestRunner" time="0.653">
    <system-out><![CDATA[
Scenario: Login API                                                   &amp#27;[90m# src/main/java/apiPW/com/api/features/Login.feature:29&amp#27;[0m
  &amp#27;[32mGiven &amp#27;[0m&amp#27;[32menvironment is loaded&amp#27;[0m                                         &amp#27;[90m# apiPW.com.api.tests.AppTests.setUp()&amp#27;[0m
  &amp#27;[32mWhen &amp#27;[0m&amp#27;[32muser logs into API with valid credentials and login is success&amp#27;[0m &amp#27;[90m# apiPW.com.api.tests.AppTests.Login()&amp#27;[0m
]]></system-out>
  </testcase>
  <testcase name="runScenario[&quot;Quick Quote API&quot;, &quot;Optional[Title of your feature]&quot;](3)" classname="apiPW.com.api.runner.TestRunner" time="1.268">
    <system-out><![CDATA[
Scenario: Quick Quote API                                             &amp#27;[90m# src/main/java/apiPW/com/api/features/Login.feature:33&amp#27;[0m
  &amp#27;[32mGiven &amp#27;[0m&amp#27;[32menvironment is loaded&amp#27;[0m                                         &amp#27;[90m# apiPW.com.api.tests.AppTests.setUp()&amp#27;[0m
  &amp#27;[32mWhen &amp#27;[0m&amp#27;[32muser logs into API with valid credentials and login is success&amp#27;[0m &amp#27;[90m# apiPW.com.api.tests.AppTests.Login()&amp#27;[0m
{"getQuote":{"schemeCode":"TES001","deposit":50,"premium":5000,"flatRate":null,"startDate":"2021-02-10"},"sharedXref":null,"existingAgreementNumber":null,"agreementNumber":"000099161","createdOn":"2023-03-16","daysValid":null,"daysRemaining":null,"activated":null,"activatedOn":null,"scheme":{"branchId":"5476010","classificationId":"100000","brandId":"116632","brandName":"PF NBC 5WD RNWLC 5WD BRAND","hostCompany":{"name":"PremFina Ltd"},"broker":{"brokerOwnReference":null,"source":"PremFina Test Broker"},"introducer":{"name":"PremFina Test Broker","code":"Z00235","id":"277009"},"newBusinessNumberOfInstalments":12,"renewalNumberOfInstalments":10,"newBusinessFlatRate":"10","newBusinessMinFlatRate":"10","newBusinessMaxFlatRate":"14","renewalFlatRate":"12","renewalMinFlatRate":"10","renewalMaxFlatRate":"14","code":"TES001","providerName":"Aviva Plc","providerId":"105556","cancellationType":"Pro Rata - Cancellable","recourseLevel":"Recourse","type":"Personal","minLoanAmount":null,"maxLoanAmount":"500000","active":true,"minimumCreditChargeActive":false,"minimumCreditCharge":null,"newBusinessMinimumDepositPercentage":null,"newBusinessMaximumDepositPercentage":null,"newBusinessMinimumDepositAmount":null,"newBusinessMaximumDepositAmount":null,"newBusinessDepositPercentageOfPremium":null,"renewalMinimumDepositPercentage":null,"renewalMaximumDepositPercentage":null,"renewalMinimumDepositAmount":null,"renewalMaximumDepositAmount":null,"renewalDepositPercentageOfPremium":null,"product":{"name":"PF NBC 5WD RNWLC 5WD PRODUCT","id":"116631"}},"loanAdvance":4950.00,"loanInterest":"495.00","deposit":50.00,"noInstallments":12,"flatRate":"10.0000000","installmentAmount":453.75,"apr":"19.5288860","customerId":null,"feeCharges":[{"type":"Facility Fee","amount":100.00,"addToTotalRepayable":true,"reference":null}],"softwareHouse":null,"loanFees":100.00,"totalPayable":5545.00,"minimumCreditChargeMet":true,"preCheckResponse":null,"preCheckResponseBreakdown":null,"schedule":null,"clientRef":null}
  &amp#27;[32mThen &amp#27;[0m&amp#27;[32mrequests for quickQuote&amp#27;[0m                                        &amp#27;[90m# apiPW.com.api.tests.AppTests.quickQuote()&amp#27;[0m
]]></system-out>
  </testcase>
  <testcase name="runScenario[&quot;Persist Quote Activate&quot;, &quot;Optional[Title of your feature]&quot;](4)" classname="apiPW.com.api.runner.TestRunner" time="15.09">
    <system-out><![CDATA[
Scenario: Persist Quote Activate                                      &amp#27;[90m# src/main/java/apiPW/com/api/features/Login.feature:49&amp#27;[0m
  &amp#27;[32mGiven &amp#27;[0m&amp#27;[32menvironment is loaded&amp#27;[0m                                         &amp#27;[90m# apiPW.com.api.tests.AppTests.setUp()&amp#27;[0m
  &amp#27;[32mWhen &amp#27;[0m&amp#27;[32muser logs into API with valid credentials and login is success&amp#27;[0m &amp#27;[90m# apiPW.com.api.tests.AppTests.Login()&amp#27;[0m
14:35:37.250 [main] INFO  org.testng.TestRunner - Starting the test run...
{"daysValid":"30","preCheck":true,"getQuote":{"schemeCode":"TES001","deposit":"67","premium":"681.70","flatRate":10,"startDate":"2023-10-02"},"agreement":{"customer":{"title":"MR","surname":"Donnelly","firstName":"Esign AC","dateOfBirth":"12-12-1973","addresses":[{"addressLine1":"12 B","addressLine2":"Carshalton road","postalTown":"Sutton","country":"United Kingdom","postCode":"SM14LH"}],"contacts":[{"email":"testing@premfina.com","mobile":"07443577777"}]},"policies":[{"startDate":"03-10-2023","cancellationType":"Pro Rata - Cancellable","reference":"PFTEST1","insurer":"Aviva Plc","coverType":"Car","premium":"681.70"}],"bankAccount":{"sortCode":"000001","accountNumber":"00000001","accountName":"Returns Accounts"}}}
Response status code: 200
Response body: {"getQuote":{"schemeCode":"TES001","deposit":67,"premium":681.70,"flatRate":10,"startDate":"2023-10-02"},"sharedXref":"PremFina Test Broker-13097659200872673","existingAgreementNumber":null,"agreementNumber":"000188393","createdOn":"2023-03-16","daysValid":30,"daysRemaining":30,"activated":null,"activatedOn":null,"scheme":{"branchId":"5476010","classificationId":"100000","brandId":"116632","brandName":"PF NBC 5WD RNWLC 5WD BRAND","hostCompany":{"name":"PremFina Ltd"},"broker":{"brokerOwnReference":null,"source":"PremFina Test Broker"},"introducer":{"name":"PremFina Test Broker","code":"Z00235","id":"277009"},"newBusinessNumberOfInstalments":12,"renewalNumberOfInstalments":10,"newBusinessFlatRate":"10","newBusinessMinFlatRate":"10","newBusinessMaxFlatRate":"14","renewalFlatRate":"12","renewalMinFlatRate":"10","renewalMaxFlatRate":"14","code":"TES001","providerName":"Aviva Plc","providerId":"105556","cancellationType":"Pro Rata - Cancellable","recourseLevel":"Recourse","type":"Personal","minLoanAmount":null,"maxLoanAmount":"500000","active":true,"minimumCreditChargeActive":false,"minimumCreditCharge":null,"newBusinessMinimumDepositPercentage":null,"newBusinessMaximumDepositPercentage":null,"newBusinessMinimumDepositAmount":null,"newBusinessMaximumDepositAmount":null,"newBusinessDepositPercentageOfPremium":null,"renewalMinimumDepositPercentage":null,"renewalMaximumDepositPercentage":null,"renewalMinimumDepositAmount":null,"renewalMaximumDepositAmount":null,"renewalDepositPercentageOfPremium":null,"product":{"name":"PF NBC 5WD RNWLC 5WD PRODUCT","id":"116631"}},"loanAdvance":614.70,"loanInterest":"61.47","deposit":67.00,"noInstallments":12,"flatRate":"10.0000000","installmentAmount":56.35,"apr":"19.5314300","customerId":35634130,"feeCharges":[],"softwareHouse":null,"loanFees":0,"totalPayable":676.17,"minimumCreditChargeMet":true,"preCheckResponse":"Passed","preCheckResponseBreakdown":{"defaultsResult":"approved","idResult":"NA","amlResult":"approved","creditResult":"approved"},"schedule":null,"clientRef":null}
sharedXref : PremFina Test Broker-13097659200872673
  &amp#27;[32mAnd &amp#27;[0m&amp#27;[32mposts the persistQuote&amp#27;[0m                                          &amp#27;[90m# apiPW.com.api.tests.AppTests.persistQuote()&amp#27;[0m
{accountName=Returns Account, accountNumber=00000001, sortCode=000001}
/update/pquote/PremFina Test Broker-13097659200872673/xDDvvIBKYzS22j1JHgIem3eu4jbCQSBt6WBo5oMu8vPMX9LK60
{"agreementId":null,"agreementNumber":"000188393","broker":{"brokerOwnReference":"PremFina Test Broker","source":"PremFina Test Broker"},"hostCompany":{"name":"PremFina Ltd"},"clientRef":null,"customer":{"id":null,"addresses":[{"id":null,"addressLine1":"12 B","addressLine2":"Carshalton road","district":null,"postalTown":"Sutton","county":null,"country":"United Kingdom","postCode":"SM14LH","currentlyResident":null,"movingInDate":null,"movingOutDate":null}],"contacts":[{"email":"testing@premfina.com","landline":null,"mobile":"07443577777","fax":null}],"bankAccounts":[{"sortCode":"000001","accountNumber":"00000001","accountName":"Returns Account","mandateConsent":null}],"customerType":"Person","identityType":"MainCustomer","emailAddress":null,"title":"MR","surname":"Donnelly","firstName":"Esign AC","middleNames":null,"dateOfBirth":"12-12-1973","occupation":null,"employmentStatus":null},"companyCustomer":null,"quote":{"getQuote":{"schemeCode":"TES001","deposit":67,"premium":681.70,"flatRate":10,"startDate":"2023-10-02"},"sharedXref":"PremFina Test Broker-13097659200872673","existingAgreementNumber":null,"agreementNumber":"000188393","createdOn":"2023-03-16","daysValid":null,"daysRemaining":null,"activated":null,"activatedOn":null,"scheme":{"branchId":"5476010","classificationId":"100000","brandId":"116632","brandName":"PF NBC 5WD RNWLC 5WD BRAND","hostCompany":{"name":"PremFina Ltd"},"broker":{"brokerOwnReference":null,"source":"PremFina Test Broker"},"introducer":{"name":"PremFina Test Broker","code":"Z00235","id":"277009"},"newBusinessNumberOfInstalments":12,"renewalNumberOfInstalments":10,"newBusinessFlatRate":"10","newBusinessMinFlatRate":"10","newBusinessMaxFlatRate":"14","renewalFlatRate":"12","renewalMinFlatRate":"10","renewalMaxFlatRate":"14","code":"TES001","providerName":"Aviva Plc","providerId":"105556","cancellationType":"Pro Rata - Cancellable","recourseLevel":"Recourse","type":"Personal","minLoanAmount":null,"maxLoanAmount":"500000","active":true,"minimumCreditChargeActive":false,"minimumCreditCharge":null,"newBusinessMinimumDepositPercentage":null,"newBusinessMaximumDepositPercentage":null,"newBusinessMinimumDepositAmount":null,"newBusinessMaximumDepositAmount":null,"newBusinessDepositPercentageOfPremium":null,"renewalMinimumDepositPercentage":null,"renewalMaximumDepositPercentage":null,"renewalMinimumDepositAmount":null,"renewalMaximumDepositAmount":null,"renewalDepositPercentageOfPremium":null,"product":{"name":"PF NBC 5WD RNWLC 5WD PRODUCT","id":"116631"}},"loanAdvance":614.70,"loanInterest":"61.47","deposit":67.00,"noInstallments":12,"flatRate":"10.0000000","installmentAmount":56.34,"apr":"19.5314300","customerId":35634130,"feeCharges":[],"softwareHouse":null,"loanFees":0,"totalPayable":676.17,"minimumCreditChargeMet":true,"preCheckResponse":"Passed","preCheckResponseBreakdown":{"defaultsResult":"approved","idResult":"NA","amlResult":"approved","creditResult":"approved"},"schedule":null,"clientRef":null},"params":[],"policies":[{"startDate":"03-10-2023","cancellationType":"Pro Rata - Cancellable","reference":"PFTEST1","insurer":"Aviva Plc","providerId":105556,"premium":681.70,"coverType":"Car"}],"introducerId":null,"introducerName":"PremFina Test Broker","config":null,"loanAdvance":null,"installment":null,"liveDate":null,"maturityDate":null,"numberOfPayments":null,"nextDueDate":null,"loanInterest":null,"status":null,"flatRate":null,"apr":null,"deposit":67,"arrears":null,"outstandingBalance":null,"feeBalance":null,"mandateStatusId":null,"mandateStatusDescription":null,"directDebitsAreSuppressed":null,"softwareHouse":null,"currencyCode":null,"pendingCancellation":false,"pendingCancellationDateTime":null}
  &amp#27;[32mThen &amp#27;[0m&amp#27;[32mUpdate PersistQuote DD&amp#27;[0m                                         &amp#27;[90m# apiPW.com.api.tests.AppTests.updateBankAccount()&amp#27;[0m
/activate/quote/PremFina Test Broker-13097659200872673/xDDvvIBKYzS22j1JHgIem3eu4jbCQSBt6WBo5oMu8vPMX9LK60
Response {"agreementNumber":"000188393","schedule":[{"date":"2023-10-03","amount":56.43,"number":1,"status":"Due"},{"date":"2023-11-03","amount":56.34,"number":2,"status":"Due"},{"date":"2023-12-03","amount":56.34,"number":3,"status":"Due"},{"date":"2024-01-03","amount":56.34,"number":4,"status":"Due"},{"date":"2024-02-03","amount":56.34,"number":5,"status":"Due"},{"date":"2024-03-03","amount":56.34,"number":6,"status":"Due"},{"date":"2024-04-03","amount":56.34,"number":7,"status":"Due"},{"date":"2024-05-03","amount":56.34,"number":8,"status":"Due"},{"date":"2024-06-03","amount":56.34,"number":9,"status":"Due"},{"date":"2024-07-03","amount":56.34,"number":10,"status":"Due"},{"date":"2024-08-03","amount":56.34,"number":11,"status":"Due"},{"date":"2024-09-03","amount":56.34,"number":12,"status":"Due"}]}
  &amp#27;[32mAnd &amp#27;[0m&amp#27;[32mactivate the quote&amp#27;[0m                                              &amp#27;[90m# apiPW.com.api.tests.AppTests.activateQuote()&amp#27;[0m
]]></system-out>
    <system-err><![CDATA[log4j:WARN No appenders could be found for logger (com.jayway.jsonpath.internal.path.CompiledPath).
log4j:WARN Please initialize the log4j system properly.
log4j:WARN See http://logging.apache.org/log4j/1.2/faq.html#noconfig for more info.
]]></system-err>
  </testcase>
</testsuite>