<?xml version="1.0" encoding="UTF-8"?>
<testng-results ignored="0" total="4" passed="4" failed="0" skipped="0">
  <reporter-output>
  </reporter-output>
  <suite started-at="2023-03-16T14:35:30 GMT" name="Suite" finished-at="2023-03-16T14:35:52 GMT" duration-ms="22291">
    <groups>
      <group name="cucumber">
        <method signature="AbstractTestNGCucumberTests.runScenario(io.cucumber.testng.PickleWrapper,io.cucumber.testng.FeatureWrapper)[pri:0, instance:apiPW.com.api.runner.TestRunner@614ca7df]" name="runScenario" class="io.cucumber.testng.AbstractTestNGCucumberTests"/>
      </group> <!-- cucumber -->
    </groups>
    <test started-at="2023-03-16T14:35:30 GMT" name="Test" finished-at="2023-03-16T14:35:52 GMT" duration-ms="22291">
      <class name="apiPW.com.api.runner.TestRunner">
        <test-method is-config="true" signature="setUpClass(org.testng.ITestContext)[pri:0, instance:apiPW.com.api.runner.TestRunner@614ca7df]" started-at="2023-03-16T14:35:30 GMT" name="setUpClass" finished-at="2023-03-16T14:35:30 GMT" duration-ms="363" status="PASS">
          <params>
            <param index="0">
              <value>
                <![CDATA[org.testng.TestRunner@50f05307]]>
              </value>
            </param>
          </params>
          <reporter-output>
          </reporter-output>
        </test-method> <!-- setUpClass -->
        <test-method signature="runScenario(io.cucumber.testng.PickleWrapper,io.cucumber.testng.FeatureWrapper)[pri:0, instance:apiPW.com.api.runner.TestRunner@614ca7df]" started-at="2023-03-16T14:35:30 GMT" name="runScenario" description="Runs Cucumber Scenarios" data-provider="scenarios" finished-at="2023-03-16T14:35:34 GMT" duration-ms="3864" status="PASS">
          <params>
            <param index="0">
              <value>
                <![CDATA["Ping env"]]>
              </value>
            </param>
            <param index="1">
              <value>
                <![CDATA["Optional[Title of your feature]"]]>
              </value>
            </param>
          </params>
          <reporter-output>
          </reporter-output>
        </test-method> <!-- runScenario -->
        <test-method signature="runScenario(io.cucumber.testng.PickleWrapper,io.cucumber.testng.FeatureWrapper)[pri:0, instance:apiPW.com.api.runner.TestRunner@614ca7df]" started-at="2023-03-16T14:35:34 GMT" name="runScenario" description="Runs Cucumber Scenarios" data-provider="scenarios" finished-at="2023-03-16T14:35:35 GMT" duration-ms="654" status="PASS">
          <params>
            <param index="0">
              <value>
                <![CDATA["Login API"]]>
              </value>
            </param>
            <param index="1">
              <value>
                <![CDATA["Optional[Title of your feature]"]]>
              </value>
            </param>
          </params>
          <reporter-output>
          </reporter-output>
        </test-method> <!-- runScenario -->
        <test-method signature="runScenario(io.cucumber.testng.PickleWrapper,io.cucumber.testng.FeatureWrapper)[pri:0, instance:apiPW.com.api.runner.TestRunner@614ca7df]" started-at="2023-03-16T14:35:35 GMT" name="runScenario" description="Runs Cucumber Scenarios" data-provider="scenarios" finished-at="2023-03-16T14:35:36 GMT" duration-ms="1268" status="PASS">
          <params>
            <param index="0">
              <value>
                <![CDATA["Quick Quote API"]]>
              </value>
            </param>
            <param index="1">
              <value>
                <![CDATA["Optional[Title of your feature]"]]>
              </value>
            </param>
          </params>
          <reporter-output>
          </reporter-output>
        </test-method> <!-- runScenario -->
        <test-method signature="runScenario(io.cucumber.testng.PickleWrapper,io.cucumber.testng.FeatureWrapper)[pri:0, instance:apiPW.com.api.runner.TestRunner@614ca7df]" started-at="2023-03-16T14:35:36 GMT" name="runScenario" description="Runs Cucumber Scenarios" data-provider="scenarios" finished-at="2023-03-16T14:35:51 GMT" duration-ms="15091" status="PASS">
          <params>
            <param index="0">
              <value>
                <![CDATA["Persist Quote Activate"]]>
              </value>
            </param>
            <param index="1">
              <value>
                <![CDATA["Optional[Title of your feature]"]]>
              </value>
            </param>
          </params>
          <reporter-output>
          </reporter-output>
        </test-method> <!-- runScenario -->
        <test-method is-config="true" signature="tearDownClass()[pri:0, instance:apiPW.com.api.runner.TestRunner@614ca7df]" started-at="2023-03-16T14:35:51 GMT" name="tearDownClass" finished-at="2023-03-16T14:35:52 GMT" duration-ms="1021" status="PASS">
          <reporter-output>
          </reporter-output>
        </test-method> <!-- tearDownClass -->
      </class> <!-- apiPW.com.api.runner.TestRunner -->
    </test> <!-- Test -->
  </suite> <!-- Suite -->
</testng-results>
