<?xml version="1.0" encoding="UTF-8"?>
<testng-results ignored="0" total="1" passed="0" failed="1" skipped="0">
  <reporter-output>
  </reporter-output>
  <suite started-at="2023-03-16T17:28:10 GMT" name="Suite" finished-at="2023-03-16T17:28:11 GMT" duration-ms="1381">
    <groups>
      <group name="cucumber">
        <method signature="AbstractTestNGCucumberTests.runScenario(io.cucumber.testng.PickleWrapper,io.cucumber.testng.FeatureWrapper)[pri:0, instance:apiPW.com.api.runner.TestRunner@a38c7fe]" name="runScenario" class="io.cucumber.testng.AbstractTestNGCucumberTests"/>
      </group> <!-- cucumber -->
    </groups>
    <test started-at="2023-03-16T17:28:10 GMT" name="Test" finished-at="2023-03-16T17:28:11 GMT" duration-ms="1381">
      <class name="apiPW.com.api.runner.TestRunner">
        <test-method is-config="true" signature="setUpClass(org.testng.ITestContext)[pri:0, instance:apiPW.com.api.runner.TestRunner@a38c7fe]" started-at="2023-03-16T17:28:10 GMT" name="setUpClass" finished-at="2023-03-16T17:28:10 GMT" duration-ms="378" status="PASS">
          <params>
            <param index="0">
              <value>
                <![CDATA[org.testng.TestRunner@117bcfdc]]>
              </value>
            </param>
          </params>
          <reporter-output>
          </reporter-output>
        </test-method> <!-- setUpClass -->
        <test-method signature="runScenario(io.cucumber.testng.PickleWrapper,io.cucumber.testng.FeatureWrapper)[pri:0, instance:apiPW.com.api.runner.TestRunner@a38c7fe]" started-at="2023-03-16T17:28:10 GMT" name="runScenario" description="Runs Cucumber Scenarios" data-provider="scenarios" finished-at="2023-03-16T17:28:10 GMT" duration-ms="97" status="FAIL">
          <params>
            <param index="0">
              <value>
                <![CDATA["Ping env"]]>
              </value>
            </param>
            <param index="1">
              <value>
                <![CDATA["Optional[Title of your feature]"]]>
              </value>
            </param>
          </params>
          <exception class="java.lang.NullPointerException">
            <message>
              <![CDATA[Cannot invoke "com.microsoft.playwright.Playwright.request()" because "this.playwright" is null]]>
            </message>
            <full-stacktrace>
              <![CDATA[java.lang.NullPointerException: Cannot invoke "com.microsoft.playwright.Playwright.request()" because "this.playwright" is null
at apiPW.com.api.tests.AppTests.setUp(AppTests.java:49)
at ✽.environment is loaded(file:///C:/Users/KrishnaUmapathy/eclipse-workspace/com.api.pw/src/main/java/apiPW/com/api/features/Login.feature:26)
]]>
            </full-stacktrace>
          </exception> <!-- java.lang.NullPointerException -->
          <reporter-output>
          </reporter-output>
        </test-method> <!-- runScenario -->
        <test-method is-config="true" signature="tearDownClass()[pri:0, instance:apiPW.com.api.runner.TestRunner@a38c7fe]" started-at="2023-03-16T17:28:10 GMT" name="tearDownClass" finished-at="2023-03-16T17:28:11 GMT" duration-ms="882" status="PASS">
          <reporter-output>
          </reporter-output>
        </test-method> <!-- tearDownClass -->
      </class> <!-- apiPW.com.api.runner.TestRunner -->
    </test> <!-- Test -->
  </suite> <!-- Suite -->
</testng-results>
