<?xml version="1.0" encoding="UTF-8"?>
<!-- Generated by org.testng.reporters.JUnitReportReporter -->
<testsuite hostname="STDPW03F8G8" failures="0" tests="1" name="apiPW.com.api.runner.TestRunner" time="0.097" errors="1" timestamp="2023-03-16T17:28:11 GMT" skipped="0">
  <testcase classname="apiPW.com.api.runner.TestRunner" name="runScenario" time="0.097">
    <error message="Cannot invoke &quot;com.microsoft.playwright.Playwright.request()&quot; because &quot;this.playwright&quot; is null" type="java.lang.NullPointerException">
      <![CDATA[java.lang.NullPointerException: Cannot invoke "com.microsoft.playwright.Playwright.request()" because "this.playwright" is null
at apiPW.com.api.tests.AppTests.setUp(AppTests.java:49)
at ✽.environment is loaded(file:///C:/Users/KrishnaUmapathy/eclipse-workspace/com.api.pw/src/main/java/apiPW/com/api/features/Login.feature:26)
]]>
    </error>
  </testcase> <!-- runScenario -->
  <system-out/>
</testsuite> <!-- apiPW.com.api.runner.TestRunner -->
